<?xml version="1.0" encoding="UTF-8"?>
<coverage generated="1638881242090" clover="3.2.0">
  <project timestamp="1638881242090" name="All files">
    <metrics statements="13" coveredstatements="13" conditionals="8" coveredconditionals="7" methods="6" coveredmethods="6" elements="27" coveredelements="26" complexity="0" loc="13" ncloc="13" packages="1" files="3" classes="3"/>
    <file name="calculator.js" path="C:\Users\Youmari\Desktop\jest-testing\calculator.js">
      <metrics statements="7" coveredstatements="7" conditionals="4" coveredconditionals="4" methods="4" coveredmethods="4"/>
      <line num="1" count="1" type="stmt"/>
      <line num="3" count="3" type="cond" truecount="4" falsecount="0"/>
      <line num="4" count="2" type="stmt"/>
      <line num="8" count="3" type="stmt"/>
      <line num="11" count="3" type="stmt"/>
      <line num="15" count="3" type="stmt"/>
      <line num="19" count="1" type="stmt"/>
    </file>
    <file name="reverseString.js" path="C:\Users\Youmari\Desktop\jest-testing\reverseString.js">
      <metrics statements="2" coveredstatements="2" conditionals="0" coveredconditionals="0" methods="1" coveredmethods="1"/>
      <line num="1" count="1" type="stmt"/>
      <line num="3" count="1" type="stmt"/>
    </file>
    <file name="stringLength.js" path="C:\Users\Youmari\Desktop\jest-testing\stringLength.js">
      <metrics statements="4" coveredstatements="4" conditionals="4" coveredconditionals="3" methods="1" coveredmethods="1"/>
      <line num="1" count="1" type="stmt"/>
      <line num="2" count="3" type="cond" truecount="3" falsecount="1"/>
      <line num="3" count="3" type="stmt"/>
      <line num="6" count="1" type="stmt"/>
    </file>
  </project>
</coverage>
